app/build/outputs/logs/manifest-merger-release-report.txt
-- Merging decision tree log ---
manifest
ADDED from src\main\AndroidManifest.xml:2:1-209:12
	xmlns:android
		ADDED from src\main\AndroidManifest.xml:2:11-69
	package
		ADDED from src\main\AndroidManifest.xml:3:11-41
		INJECTED from src\main\AndroidManifest.xml
		INJECTED from src\main\AndroidManifest.xml
	android:versionName
		ADDED from src\main\AndroidManifest.xml:5:11-36
		INJECTED from src\main\AndroidManifest.xml
		INJECTED from src\main\AndroidManifest.xml
	android:versionCode
		ADDED from src\main\AndroidManifest.xml:4:11-34
		INJECTED from src\main\AndroidManifest.xml
		INJECTED from src\main\AndroidManifest.xml
uses-sdk
ADDED from src\main\AndroidManifest.xml:7:5-9:40
MERGED from [com.android.support:support-v4:23.4.0] AndroidManifest.xml:20:5-43
MERGED from [com.android.support:recyclerview-v7:23.4.0] AndroidManifest.xml:20:5-43
MERGED from [com.android.support:support-v4:23.4.0] AndroidManifest.xml:20:5-43
MERGED from [com.wang.avi:library:1.0.1] AndroidManifest.xml:7:5-9:41
MERGED from [com.android.support:appcompat-v7:23.4.0] AndroidManifest.xml:21:5-23:78
MERGED from [com.android.support:animated-vector-drawable:23.4.0] AndroidManifest.xml:5:5-44
MERGED from [com.android.support:support-vector-drawable:23.4.0] AndroidManifest.xml:5:5-43
MERGED from [com.android.support:support-v4:23.4.0] AndroidManifest.xml:20:5-43
MERGED from [com.android.support:support-v4:23.4.0] AndroidManifest.xml:20:5-43
MERGED from [com.android.support:support-vector-drawable:23.4.0] AndroidManifest.xml:5:5-43
MERGED from [com.android.support:support-v4:23.4.0] AndroidManifest.xml:20:5-43
MERGED from [com.orhanobut:logger:1.14] AndroidManifest.xml:6:5-43
MERGED from [com.android.support:design:23.4.0] AndroidManifest.xml:20:5-43
MERGED from [com.android.support:recyclerview-v7:23.4.0] AndroidManifest.xml:20:5-43
MERGED from [com.android.support:support-v4:23.4.0] AndroidManifest.xml:20:5-43
MERGED from [com.android.support:appcompat-v7:23.4.0] AndroidManifest.xml:21:5-23:78
MERGED from [com.android.support:animated-vector-drawable:23.4.0] AndroidManifest.xml:5:5-44
MERGED from [com.android.support:support-vector-drawable:23.4.0] AndroidManifest.xml:5:5-43
MERGED from [com.android.support:support-v4:23.4.0] AndroidManifest.xml:20:5-43
MERGED from [com.android.support:support-v4:23.4.0] AndroidManifest.xml:20:5-43
MERGED from [com.android.support:support-vector-drawable:23.4.0] AndroidManifest.xml:5:5-43
MERGED from [com.android.support:support-v4:23.4.0] AndroidManifest.xml:20:5-43
MERGED from [com.android.support:support-v4:23.4.0] AndroidManifest.xml:20:5-43
MERGED from [io.reactivex:rxandroid:1.1.0] AndroidManifest.xml:19:5-43
MERGED from [de.hdodenhof:circleimageview:2.1.0] AndroidManifest.xml:5:5-7:41
	android:targetSdkVersion
		ADDED from src\main\AndroidManifest.xml:9:9-38
		INJECTED from src\main\AndroidManifest.xml
		INJECTED from src\main\AndroidManifest.xml
	android:minSdkVersion
		ADDED from src\main\AndroidManifest.xml:8:9-35
		INJECTED from src\main\AndroidManifest.xml
		INJECTED from src\main\AndroidManifest.xml
	tools:overrideLibrary
		ADDED from [com.android.support:appcompat-v7:23.4.0] AndroidManifest.xml:23:9-75
uses-permission#android.permission.INTERNET
ADDED from src\main\AndroidManifest.xml:11:5-66
	android:name
		ADDED from src\main\AndroidManifest.xml:11:22-64
uses-permission#android.permission.READ_EXTERNAL_STORAGE
ADDED from src\main\AndroidManifest.xml:12:5-79
	android:name
		ADDED from src\main\AndroidManifest.xml:12:22-77
uses-permission#android.permission.WRITE_EXTERNAL_STORAGE
ADDED from src\main\AndroidManifest.xml:13:5-80
	android:name
		ADDED from src\main\AndroidManifest.xml:13:22-78
uses-permission#android.permission.ACCESS_NETWORK_STATE
ADDED from src\main\AndroidManifest.xml:14:5-78
	android:name
		ADDED from src\main\AndroidManifest.xml:14:22-76
uses-permission#android.permission.CHANGE_NETWORK_STATE
ADDED from src\main\AndroidManifest.xml:15:5-78
	android:name
		ADDED from src\main\AndroidManifest.xml:15:22-76
uses-permission#android.permission.READ_PHONE_STATE
ADDED from src\main\AndroidManifest.xml:16:5-74
	android:name
		ADDED from src\main\AndroidManifest.xml:16:22-72
uses-permission#android.permission.ACCESS_WIFI_STATE
ADDED from src\main\AndroidManifest.xml:17:5-75
	android:name
		ADDED from src\main\AndroidManifest.xml:17:22-73
uses-permission#android.permission.ACCESS_FINE_LOCATION
ADDED from src\main\AndroidManifest.xml:18:5-78
	android:name
		ADDED from src\main\AndroidManifest.xml:18:22-76
application
ADDED from src\main\AndroidManifest.xml:20:5-207:19
MERGED from [com.android.support:support-v4:23.4.0] AndroidManifest.xml:22:5-20
MERGED from [com.android.support:support-v4:23.4.0] AndroidManifest.xml:22:5-20
MERGED from [com.wang.avi:library:1.0.1] AndroidManifest.xml:11:5-14:19
MERGED from [com.android.support:appcompat-v7:23.4.0] AndroidManifest.xml:25:5-20
MERGED from [com.android.support:animated-vector-drawable:23.4.0] AndroidManifest.xml:7:5-20
MERGED from [com.android.support:support-vector-drawable:23.4.0] AndroidManifest.xml:7:5-20
MERGED from [com.android.support:support-v4:23.4.0] AndroidManifest.xml:22:5-20
MERGED from [com.android.support:support-v4:23.4.0] AndroidManifest.xml:22:5-20
MERGED from [com.android.support:support-vector-drawable:23.4.0] AndroidManifest.xml:7:5-20
MERGED from [com.android.support:support-v4:23.4.0] AndroidManifest.xml:22:5-20
MERGED from [com.android.support:design:23.4.0] AndroidManifest.xml:22:5-20
MERGED from [com.android.support:support-v4:23.4.0] AndroidManifest.xml:22:5-20
MERGED from [com.android.support:appcompat-v7:23.4.0] AndroidManifest.xml:25:5-20
MERGED from [com.android.support:animated-vector-drawable:23.4.0] AndroidManifest.xml:7:5-20
MERGED from [com.android.support:support-vector-drawable:23.4.0] AndroidManifest.xml:7:5-20
MERGED from [com.android.support:support-v4:23.4.0] AndroidManifest.xml:22:5-20
MERGED from [com.android.support:support-v4:23.4.0] AndroidManifest.xml:22:5-20
MERGED from [com.android.support:support-vector-drawable:23.4.0] AndroidManifest.xml:7:5-20
MERGED from [com.android.support:support-v4:23.4.0] AndroidManifest.xml:22:5-20
MERGED from [com.android.support:support-v4:23.4.0] AndroidManifest.xml:22:5-20
MERGED from [de.hdodenhof:circleimageview:2.1.0] AndroidManifest.xml:9:5-20
	android:label
		ADDED from src\main\AndroidManifest.xml:24:9-41
	android:allowBackup
		ADDED from src\main\AndroidManifest.xml:22:9-35
	android:icon
		ADDED from src\main\AndroidManifest.xml:23:9-44
	android:name
		ADDED from src\main\AndroidManifest.xml:21:9-50
activity#com.lishi.baijiaxing.activity.MainActivity
ADDED from src\main\AndroidManifest.xml:27:9-37:20
	android:windowSoftInputMode
		ADDED from src\main\AndroidManifest.xml:31:13-56
	android:label
		ADDED from src\main\AndroidManifest.xml:29:13-45
	android:theme
		ADDED from src\main\AndroidManifest.xml:30:13-69
	android:name
		ADDED from src\main\AndroidManifest.xml:28:13-50
intent-filter#android.intent.action.MAIN+android.intent.category.LAUNCHER
ADDED from src\main\AndroidManifest.xml:32:13-36:29
action#android.intent.action.MAIN
ADDED from src\main\AndroidManifest.xml:33:17-68
	android:name
		ADDED from src\main\AndroidManifest.xml:33:25-66
category#android.intent.category.LAUNCHER
ADDED from src\main\AndroidManifest.xml:35:17-76
	android:name
		ADDED from src\main\AndroidManifest.xml:35:27-74
activity#com.lishi.baijiaxing.activity.BrowsingHistoryActivity
ADDED from src\main\AndroidManifest.xml:38:9-41:20
	android:theme
		ADDED from src\main\AndroidManifest.xml:40:13-69
	android:name
		ADDED from src\main\AndroidManifest.xml:39:13-61
activity#com.lishi.baijiaxing.activity.MyCollectActivity
ADDED from src\main\AndroidManifest.xml:42:9-45:20
	android:theme
		ADDED from src\main\AndroidManifest.xml:44:13-69
	android:name
		ADDED from src\main\AndroidManifest.xml:43:13-55
activity#com.lishi.baijiaxing.activity.LogisticsQueryActivity
ADDED from src\main\AndroidManifest.xml:46:9-49:20
	android:theme
		ADDED from src\main\AndroidManifest.xml:48:13-69
	android:name
		ADDED from src\main\AndroidManifest.xml:47:13-60
activity#com.lishi.baijiaxing.activity.BeanActivity
ADDED from src\main\AndroidManifest.xml:50:9-54:20
	android:theme
		ADDED from src\main\AndroidManifest.xml:52:13-69
	android:name
		ADDED from src\main\AndroidManifest.xml:51:13-50
activity#com.lishi.baijiaxing.activity.TopTeacherDetailsActivity
ADDED from src\main\AndroidManifest.xml:55:9-58:20
	android:theme
		ADDED from src\main\AndroidManifest.xml:57:13-69
	android:name
		ADDED from src\main\AndroidManifest.xml:56:13-63
activity#com.lishi.baijiaxing.submitOrder.view.SubmitOrderActivity
ADDED from src\main\AndroidManifest.xml:59:9-62:20
	android:theme
		ADDED from src\main\AndroidManifest.xml:61:13-69
	android:name
		ADDED from src\main\AndroidManifest.xml:60:13-65
activity#com.lishi.baijiaxing.orderAddressManage.view.DeliveryAddressActivity
ADDED from src\main\AndroidManifest.xml:63:9-66:20
	android:theme
		ADDED from src\main\AndroidManifest.xml:65:13-69
	android:name
		ADDED from src\main\AndroidManifest.xml:64:13-76
activity#com.lishi.baijiaxing.orderAddressManage.view.EditAddressActivity
ADDED from src\main\AndroidManifest.xml:67:9-70:20
	android:theme
		ADDED from src\main\AndroidManifest.xml:69:13-69
	android:name
		ADDED from src\main\AndroidManifest.xml:68:13-72
activity#com.lishi.baijiaxing.Address.BaseAddressActivity
ADDED from src\main\AndroidManifest.xml:71:9-74:20
	android:theme
		ADDED from src\main\AndroidManifest.xml:73:13-69
	android:name
		ADDED from src\main\AndroidManifest.xml:72:13-56
activity#com.lishi.baijiaxing.activity.CouponsActivity
ADDED from src\main\AndroidManifest.xml:75:9-78:20
	android:theme
		ADDED from src\main\AndroidManifest.xml:77:13-69
	android:name
		ADDED from src\main\AndroidManifest.xml:76:13-53
activity#com.lishi.baijiaxing.activity.GiftCardActivity
ADDED from src\main\AndroidManifest.xml:79:9-82:20
	android:theme
		ADDED from src\main\AndroidManifest.xml:81:13-69
	android:name
		ADDED from src\main\AndroidManifest.xml:80:13-54
activity#com.lishi.baijiaxing.wxapi.LoginActivity
ADDED from src\main\AndroidManifest.xml:83:9-87:20
	android:theme
		ADDED from src\main\AndroidManifest.xml:86:13-69
	android:exported
		ADDED from src\main\AndroidManifest.xml:85:13-36
	android:name
		ADDED from src\main\AndroidManifest.xml:84:13-48
activity#com.lishi.baijiaxing.register.view.RegisterActivity1
ADDED from src\main\AndroidManifest.xml:88:9-91:20
	android:theme
		ADDED from src\main\AndroidManifest.xml:90:13-69
	android:name
		ADDED from src\main\AndroidManifest.xml:89:13-60
activity#com.lishi.baijiaxing.register.view.RegisterActivity2
ADDED from src\main\AndroidManifest.xml:92:9-95:20
	android:theme
		ADDED from src\main\AndroidManifest.xml:94:13-69
	android:name
		ADDED from src\main\AndroidManifest.xml:93:13-60
activity#com.lishi.baijiaxing.register.view.RegisterActivity3
ADDED from src\main\AndroidManifest.xml:96:9-99:20
	android:theme
		ADDED from src\main\AndroidManifest.xml:98:13-69
	android:name
		ADDED from src\main\AndroidManifest.xml:97:13-60
activity#com.lishi.baijiaxing.retrievePassword.view.RetrieveActivity1
ADDED from src\main\AndroidManifest.xml:100:9-103:20
	android:theme
		ADDED from src\main\AndroidManifest.xml:102:13-69
	android:name
		ADDED from src\main\AndroidManifest.xml:101:13-68
activity#com.lishi.baijiaxing.retrievePassword.view.RetrieveActivity2
ADDED from src\main\AndroidManifest.xml:104:9-107:20
	android:theme
		ADDED from src\main\AndroidManifest.xml:106:13-69
	android:name
		ADDED from src\main\AndroidManifest.xml:105:13-68
activity#com.lishi.baijiaxing.retrievePassword.view.RetrieveActivity3
ADDED from src\main\AndroidManifest.xml:108:9-111:20
	android:theme
		ADDED from src\main\AndroidManifest.xml:110:13-69
	android:name
		ADDED from src\main\AndroidManifest.xml:109:13-68
activity#com.lishi.baijiaxing.myOrders.MyOrderFormActivity
ADDED from src\main\AndroidManifest.xml:112:9-115:20
	android:theme
		ADDED from src\main\AndroidManifest.xml:114:13-69
	android:name
		ADDED from src\main\AndroidManifest.xml:113:13-57
activity#com.lishi.baijiaxing.activity.EvaluateActivity
ADDED from src\main\AndroidManifest.xml:116:9-117:20
	android:name
		ADDED from src\main\AndroidManifest.xml:116:19-60
activity#com.lishi.baijiaxing.free.view.FreeActivity
ADDED from src\main\AndroidManifest.xml:118:9-121:20
	android:theme
		ADDED from src\main\AndroidManifest.xml:120:13-69
	android:name
		ADDED from src\main\AndroidManifest.xml:119:13-51
activity#com.lishi.baijiaxing.free.view.FreeDetailsActivity
ADDED from src\main\AndroidManifest.xml:122:9-125:20
	android:theme
		ADDED from src\main\AndroidManifest.xml:124:13-69
	android:name
		ADDED from src\main\AndroidManifest.xml:123:13-58
activity#com.lishi.baijiaxing.free.view.FreeWinningActivity
ADDED from src\main\AndroidManifest.xml:126:9-129:20
	android:theme
		ADDED from src\main\AndroidManifest.xml:128:13-69
	android:name
		ADDED from src\main\AndroidManifest.xml:127:13-58
activity#com.lishi.baijiaxing.yiyuan.view.YiYuanActivity
ADDED from src\main\AndroidManifest.xml:130:9-133:20
	android:theme
		ADDED from src\main\AndroidManifest.xml:132:13-69
	android:name
		ADDED from src\main\AndroidManifest.xml:131:13-55
activity#com.lishi.baijiaxing.yiyuan.view.YiYuanDetailsActivity
ADDED from src\main\AndroidManifest.xml:134:9-137:20
	android:theme
		ADDED from src\main\AndroidManifest.xml:136:13-69
	android:name
		ADDED from src\main\AndroidManifest.xml:135:13-62
activity#com.lishi.baijiaxing.customize.view.CustomizeActivity
ADDED from src\main\AndroidManifest.xml:138:9-141:20
	android:theme
		ADDED from src\main\AndroidManifest.xml:140:13-69
	android:name
		ADDED from src\main\AndroidManifest.xml:139:13-61
activity#com.lishi.baijiaxing.customize.view.CustomizeGiftActivity
ADDED from src\main\AndroidManifest.xml:142:9-145:20
	android:theme
		ADDED from src\main\AndroidManifest.xml:144:13-69
	android:name
		ADDED from src\main\AndroidManifest.xml:143:13-65
activity#com.lishi.baijiaxing.customize.view.CustomizeDetailsActivity
ADDED from src\main\AndroidManifest.xml:146:9-149:20
	android:theme
		ADDED from src\main\AndroidManifest.xml:148:13-69
	android:name
		ADDED from src\main\AndroidManifest.xml:147:13-68
activity#com.lishi.baijiaxing.myyiyuan.view.MyYiYuanActivity
ADDED from src\main\AndroidManifest.xml:150:9-153:20
	android:theme
		ADDED from src\main\AndroidManifest.xml:152:13-69
	android:name
		ADDED from src\main\AndroidManifest.xml:151:13-59
activity#com.lishi.baijiaxing.myfree.MyFreeActivity
ADDED from src\main\AndroidManifest.xml:154:9-157:20
	android:theme
		ADDED from src\main\AndroidManifest.xml:156:13-69
	android:name
		ADDED from src\main\AndroidManifest.xml:155:13-50
activity#com.lishi.baijiaxing.details.CommodityDetailsActivity
ADDED from src\main\AndroidManifest.xml:158:9-161:20
	android:theme
		ADDED from src\main\AndroidManifest.xml:160:13-69
	android:name
		ADDED from src\main\AndroidManifest.xml:159:13-61
activity#com.lishi.baijiaxing.integral.IntegralActivity
ADDED from src\main\AndroidManifest.xml:162:9-165:20
	android:theme
		ADDED from src\main\AndroidManifest.xml:164:13-69
	android:name
		ADDED from src\main\AndroidManifest.xml:163:13-54
activity#com.lishi.baijiaxing.weeklyChoiceness.WeeklyChoicenessActivity
ADDED from src\main\AndroidManifest.xml:166:9-169:20
	android:theme
		ADDED from src\main\AndroidManifest.xml:168:13-69
	android:name
		ADDED from src\main\AndroidManifest.xml:167:13-70
activity#com.lishi.baijiaxing.userManager.view.UserManagerActivity
ADDED from src\main\AndroidManifest.xml:170:9-173:20
	android:theme
		ADDED from src\main\AndroidManifest.xml:172:13-69
	android:name
		ADDED from src\main\AndroidManifest.xml:171:13-65
activity#com.lishi.baijiaxing.userManager.view.EditNickNameActivity
ADDED from src\main\AndroidManifest.xml:174:9-177:20
	android:theme
		ADDED from src\main\AndroidManifest.xml:176:13-69
	android:name
		ADDED from src\main\AndroidManifest.xml:175:13-66
activity#com.lishi.baijiaxing.userManager.view.EditSexActivity
ADDED from src\main\AndroidManifest.xml:178:9-181:20
	android:theme
		ADDED from src\main\AndroidManifest.xml:180:13-69
	android:name
		ADDED from src\main\AndroidManifest.xml:179:13-61
activity#com.lishi.baijiaxing.userManager.view.EditPasswordActivity
ADDED from src\main\AndroidManifest.xml:182:9-185:20
	android:theme
		ADDED from src\main\AndroidManifest.xml:184:13-69
	android:name
		ADDED from src\main\AndroidManifest.xml:183:13-66
activity#com.lishi.baijiaxing.latest.LatestActivity
ADDED from src\main\AndroidManifest.xml:186:9-189:20
	android:theme
		ADDED from src\main\AndroidManifest.xml:188:13-69
	android:name
		ADDED from src\main\AndroidManifest.xml:187:13-50
activity#com.lishi.baijiaxing.freeDesign.FreeDesignActivity
ADDED from src\main\AndroidManifest.xml:190:9-194:20
	android:windowSoftInputMode
		ADDED from src\main\AndroidManifest.xml:193:13-72
	android:theme
		ADDED from src\main\AndroidManifest.xml:192:13-69
	android:name
		ADDED from src\main\AndroidManifest.xml:191:13-58
activity#com.lishi.baijiaxing.freeDesign.view.ServiceProgressActivity
ADDED from src\main\AndroidManifest.xml:195:9-198:20
	android:theme
		ADDED from src\main\AndroidManifest.xml:197:13-69
	android:name
		ADDED from src\main\AndroidManifest.xml:196:13-68
activity#com.lishi.baijiaxing.wxapi.WXEntryActivity
ADDED from src\main\AndroidManifest.xml:199:9-204:20
	android:theme
		ADDED from src\main\AndroidManifest.xml:203:13-45
	android:exported
		ADDED from src\main\AndroidManifest.xml:201:13-36
	android:name
		ADDED from src\main\AndroidManifest.xml:200:13-50
	android:launchMode
		ADDED from src\main\AndroidManifest.xml:202:13-44
activity#com.lishi.baijiaxing.myOrders.view.OrderDetailsActivity
ADDED from src\main\AndroidManifest.xml:205:9-206:20
	android:name
		ADDED from src\main\AndroidManifest.xml:205:19-69